<?xml version="1.0" encoding="UTF-8"?>
<testsuite xmlns:xsi="http://www.w3.org/2001/XMLSchema-instance" xsi:noNamespaceSchemaLocation="https://maven.apache.org/surefire/maven-surefire-plugin/xsd/surefire-test-report.xsd" name="org.ashwini.libmgmt.AppTest" time="0.044" tests="1" errors="0" skipped="0" failures="0">
  <properties>
    <property name="java.specification.version" value="13"/>
    <property name="sun.cpu.isalist" value="amd64"/>
    <property name="sun.jnu.encoding" value="Cp1252"/>
    <property name="java.class.path" value="C:\Users\Ashwini\IdeaProjects\LibMgmt\target\test-classes;C:\Users\Ashwini\IdeaProjects\LibMgmt\target\classes;C:\Users\Ashwini\.m2\repository\com\amazonaws\aws-java-sdk-dynamodb\1.11.774\aws-java-sdk-dynamodb-1.11.774.jar;C:\Users\Ashwini\.m2\repository\com\amazonaws\aws-java-sdk-s3\1.11.774\aws-java-sdk-s3-1.11.774.jar;C:\Users\Ashwini\.m2\repository\com\amazonaws\aws-java-sdk-kms\1.11.774\aws-java-sdk-kms-1.11.774.jar;C:\Users\Ashwini\.m2\repository\com\amazonaws\aws-java-sdk-core\1.11.774\aws-java-sdk-core-1.11.774.jar;C:\Users\Ashwini\.m2\repository\commons-logging\commons-logging\1.1.3\commons-logging-1.1.3.jar;C:\Users\Ashwini\.m2\repository\org\apache\httpcomponents\httpclient\4.5.9\httpclient-4.5.9.jar;C:\Users\Ashwini\.m2\repository\org\apache\httpcomponents\httpcore\4.4.11\httpcore-4.4.11.jar;C:\Users\Ashwini\.m2\repository\commons-codec\commons-codec\1.11\commons-codec-1.11.jar;C:\Users\Ashwini\.m2\repository\software\amazon\ion\ion-java\1.0.2\ion-java-1.0.2.jar;C:\Users\Ashwini\.m2\repository\com\fasterxml\jackson\core\jackson-databind\2.6.7.3\jackson-databind-2.6.7.3.jar;C:\Users\Ashwini\.m2\repository\com\fasterxml\jackson\core\jackson-annotations\2.6.0\jackson-annotations-2.6.0.jar;C:\Users\Ashwini\.m2\repository\com\fasterxml\jackson\core\jackson-core\2.6.7\jackson-core-2.6.7.jar;C:\Users\Ashwini\.m2\repository\com\fasterxml\jackson\dataformat\jackson-dataformat-cbor\2.6.7\jackson-dataformat-cbor-2.6.7.jar;C:\Users\Ashwini\.m2\repository\com\amazonaws\jmespath-java\1.11.774\jmespath-java-1.11.774.jar;C:\Users\Ashwini\.m2\repository\com\google\code\gson\gson\2.8.5\gson-2.8.5.jar;C:\Users\Ashwini\.m2\repository\junit\junit\4.11\junit-4.11.jar;C:\Users\Ashwini\.m2\repository\org\hamcrest\hamcrest-core\1.3\hamcrest-core-1.3.jar;C:\Users\Ashwini\.m2\repository\com\amazonaws\aws-lambda-java-core\1.2.0\aws-lambda-java-core-1.2.0.jar;C:\Users\Ashwini\.m2\repository\com\amazonaws\aws-lambda-java-events\2.2.7\aws-lambda-java-events-2.2.7.jar;C:\Users\Ashwini\.m2\repository\joda-time\joda-time\2.6\joda-time-2.6.jar;C:\Users\Ashwini\.m2\repository\com\amazonaws\aws-lambda-java-log4j2\1.1.0\aws-lambda-java-log4j2-1.1.0.jar;C:\Users\Ashwini\.m2\repository\org\apache\logging\log4j\log4j-core\2.8.2\log4j-core-2.8.2.jar;C:\Users\Ashwini\.m2\repository\org\apache\logging\log4j\log4j-api\2.8.2\log4j-api-2.8.2.jar;"/>
    <property name="java.vm.vendor" value="Oracle Corporation"/>
    <property name="sun.arch.data.model" value="64"/>
    <property name="user.variant" value=""/>
    <property name="java.vendor.url" value="https://java.oracle.com/"/>
    <property name="user.timezone" value="Asia/Calcutta"/>
    <property name="os.name" value="Windows 10"/>
    <property name="java.vm.specification.version" value="13"/>
    <property name="sun.java.launcher" value="SUN_STANDARD"/>
    <property name="user.country" value="IN"/>
    <property name="sun.boot.library.path" value="C:\Program Files\Java\jdk-13.0.2\bin"/>
    <property name="sun.java.command" value="C:\Users\Ashwini\AppData\Local\Temp\surefire6501893154388984158\surefirebooter8572117798386632150.jar C:\Users\Ashwini\AppData\Local\Temp\surefire6501893154388984158 2020-05-05T19-46-45_798-jvmRun1 surefire16746560293281672170tmp surefire_011558286081858191018tmp"/>
    <property name="jdk.debug" value="release"/>
    <property name="surefire.test.class.path" value="C:\Users\Ashwini\IdeaProjects\LibMgmt\target\test-classes;C:\Users\Ashwini\IdeaProjects\LibMgmt\target\classes;C:\Users\Ashwini\.m2\repository\com\amazonaws\aws-java-sdk-dynamodb\1.11.774\aws-java-sdk-dynamodb-1.11.774.jar;C:\Users\Ashwini\.m2\repository\com\amazonaws\aws-java-sdk-s3\1.11.774\aws-java-sdk-s3-1.11.774.jar;C:\Users\Ashwini\.m2\repository\com\amazonaws\aws-java-sdk-kms\1.11.774\aws-java-sdk-kms-1.11.774.jar;C:\Users\Ashwini\.m2\repository\com\amazonaws\aws-java-sdk-core\1.11.774\aws-java-sdk-core-1.11.774.jar;C:\Users\Ashwini\.m2\repository\commons-logging\commons-logging\1.1.3\commons-logging-1.1.3.jar;C:\Users\Ashwini\.m2\repository\org\apache\httpcomponents\httpclient\4.5.9\httpclient-4.5.9.jar;C:\Users\Ashwini\.m2\repository\org\apache\httpcomponents\httpcore\4.4.11\httpcore-4.4.11.jar;C:\Users\Ashwini\.m2\repository\commons-codec\commons-codec\1.11\commons-codec-1.11.jar;C:\Users\Ashwini\.m2\repository\software\amazon\ion\ion-java\1.0.2\ion-java-1.0.2.jar;C:\Users\Ashwini\.m2\repository\com\fasterxml\jackson\core\jackson-databind\2.6.7.3\jackson-databind-2.6.7.3.jar;C:\Users\Ashwini\.m2\repository\com\fasterxml\jackson\core\jackson-annotations\2.6.0\jackson-annotations-2.6.0.jar;C:\Users\Ashwini\.m2\repository\com\fasterxml\jackson\core\jackson-core\2.6.7\jackson-core-2.6.7.jar;C:\Users\Ashwini\.m2\repository\com\fasterxml\jackson\dataformat\jackson-dataformat-cbor\2.6.7\jackson-dataformat-cbor-2.6.7.jar;C:\Users\Ashwini\.m2\repository\com\amazonaws\jmespath-java\1.11.774\jmespath-java-1.11.774.jar;C:\Users\Ashwini\.m2\repository\com\google\code\gson\gson\2.8.5\gson-2.8.5.jar;C:\Users\Ashwini\.m2\repository\junit\junit\4.11\junit-4.11.jar;C:\Users\Ashwini\.m2\repository\org\hamcrest\hamcrest-core\1.3\hamcrest-core-1.3.jar;C:\Users\Ashwini\.m2\repository\com\amazonaws\aws-lambda-java-core\1.2.0\aws-lambda-java-core-1.2.0.jar;C:\Users\Ashwini\.m2\repository\com\amazonaws\aws-lambda-java-events\2.2.7\aws-lambda-java-events-2.2.7.jar;C:\Users\Ashwini\.m2\repository\joda-time\joda-time\2.6\joda-time-2.6.jar;C:\Users\Ashwini\.m2\repository\com\amazonaws\aws-lambda-java-log4j2\1.1.0\aws-lambda-java-log4j2-1.1.0.jar;C:\Users\Ashwini\.m2\repository\org\apache\logging\log4j\log4j-core\2.8.2\log4j-core-2.8.2.jar;C:\Users\Ashwini\.m2\repository\org\apache\logging\log4j\log4j-api\2.8.2\log4j-api-2.8.2.jar;"/>
    <property name="sun.cpu.endian" value="little"/>
    <property name="user.home" value="C:\Users\Ashwini"/>
    <property name="user.language" value="en"/>
    <property name="java.specification.vendor" value="Oracle Corporation"/>
    <property name="java.version.date" value="2020-01-14"/>
    <property name="java.home" value="C:\Program Files\Java\jdk-13.0.2"/>
    <property name="file.separator" value="\"/>
    <property name="basedir" value="C:\Users\Ashwini\IdeaProjects\LibMgmt"/>
    <property name="java.vm.compressedOopsMode" value="32-bit"/>
    <property name="line.separator" value="&#10;"/>
    <property name="java.vm.specification.vendor" value="Oracle Corporation"/>
    <property name="java.specification.name" value="Java Platform API Specification"/>
    <property name="surefire.real.class.path" value="C:\Users\Ashwini\AppData\Local\Temp\surefire6501893154388984158\surefirebooter8572117798386632150.jar"/>
    <property name="user.script" value=""/>
    <property name="sun.management.compiler" value="HotSpot 64-Bit Tiered Compilers"/>
    <property name="java.runtime.version" value="13.0.2+8"/>
    <property name="user.name" value="Ashwini"/>
    <property name="path.separator" value=";"/>
    <property name="os.version" value="10.0"/>
    <property name="java.runtime.name" value="Java(TM) SE Runtime Environment"/>
    <property name="file.encoding" value="Cp1252"/>
    <property name="java.vm.name" value="Java HotSpot(TM) 64-Bit Server VM"/>
    <property name="localRepository" value="C:\Users\Ashwini\.m2\repository"/>
    <property name="java.vendor.url.bug" value="https://bugreport.java.com/bugreport/"/>
    <property name="java.io.tmpdir" value="C:\Users\Ashwini\AppData\Local\Temp\"/>
    <property name="java.version" value="13.0.2"/>
    <property name="user.dir" value="C:\Users\Ashwini\IdeaProjects\LibMgmt"/>
    <property name="os.arch" value="amd64"/>
    <property name="java.vm.specification.name" value="Java Virtual Machine Specification"/>
    <property name="sun.os.patch.level" value=""/>
    <property name="java.library.path" value="C:\Program Files\Java\jdk-13.0.2\bin;C:\WINDOWS\Sun\Java\bin;C:\WINDOWS\system32;C:\WINDOWS;C:\Windows\system32;C:\Windows;C:\Windows\System32\Wbem;C:\Windows\System32\WindowsPowerShell\v1.0\;C:\Windows\System32\OpenSSH\;C:\Program Files (x86)\NVIDIA Corporation\PhysX\Common;C:\Program Files\NVIDIA Corporation\NVIDIA NvDLISR;C:\WINDOWS\system32;C:\WINDOWS;C:\WINDOWS\System32\Wbem;C:\WINDOWS\System32\WindowsPowerShell\v1.0\;C:\WINDOWS\System32\OpenSSH\;C:\Program Files\Amazon\AWSCLIV2\;C:\Program Files\Amazon\AWSSAMCLI\bin\;C:\Program Files\Git\cmd;C:\Users\Ashwini\AppData\Local\Programs\Python\Python38-32\Scripts\;C:\Users\Ashwini\AppData\Local\Programs\Python\Python38-32\;C:\Users\Ashwini\AppData\Local\Microsoft\WindowsApps;C:\Program Files\Java\jdk-13.0.2\bin;C:\apache-ant-1.10.7\bin;C:\Program Files\JetBrains\PyCharm 2020.1\bin;;C:\apache-maven-3.6.3\bin;;."/>
    <property name="java.vm.info" value="mixed mode, sharing"/>
    <property name="java.vendor" value="Oracle Corporation"/>
    <property name="java.vm.version" value="13.0.2+8"/>
    <property name="sun.io.unicode.encoding" value="UnicodeLittle"/>
    <property name="java.class.version" value="57.0"/>
  </properties>
  <testcase name="shouldAnswerWithTrue" classname="org.ashwini.libmgmt.AppTest" time="0.002"/>
</testsuite>